<?xml version="1.0" encoding="UTF-8"?>
<!-- Generated by org.testng.reporters.JUnitReportReporter -->
<testsuite hostname="syarram-mac" name="com.intuit.nasa.api.tests.planetary.GetPlanetrySoundsTest" tests="1" failures="0" timestamp="29 Mar 2016 22:54:18 GMT" time="2.769" errors="0">
  <testcase name="testWhenAPIKeyIsValid" time="2.769" classname="com.intuit.nasa.api.tests.planetary.GetPlanetrySoundsTest"/>
</testsuite> <!-- com.intuit.nasa.api.tests.planetary.GetPlanetrySoundsTest -->
