<?xml version="1.0" encoding="UTF-8"?>
<!-- Generated by org.testng.reporters.JUnitReportReporter -->
<testsuite hostname="syarram-mac" name="com.intuit.nasa.api.tests.planetary.GetPlanetrySoundsTest" tests="3" failures="0" timestamp="30 Mar 2016 06:13:45 GMT" time="4.618" errors="0">
  <testcase name="testWhenAPIKeyIsValid" time="1.257" classname="com.intuit.nasa.api.tests.planetary.GetPlanetrySoundsTest"/>
  <testcase name="testWhenAPIKeyIsInvalid" time="2.527" classname="com.intuit.nasa.api.tests.planetary.GetPlanetrySoundsTest"/>
  <testcase name="testWhenAPIKeyIsMissing" time="0.834" classname="com.intuit.nasa.api.tests.planetary.GetPlanetrySoundsTest"/>
</testsuite> <!-- com.intuit.nasa.api.tests.planetary.GetPlanetrySoundsTest -->
