<?xml version="1.0" encoding="UTF-8"?>
<!-- Generated by org.testng.reporters.JUnitReportReporter -->
<testsuite hostname="syarram-mac" name="com.intuit.nasa.api.tests.FirstTest" tests="1" failures="0" timestamp="28 Mar 2016 00:30:13 GMT" time="2.361" errors="0">
  <testcase name="noAPIKey" time="2.361" classname="com.intuit.nasa.api.tests.FirstTest"/>
</testsuite> <!-- com.intuit.nasa.api.tests.FirstTest -->
